vlc-android/build/outputs/logs/manifest-merger-vanilla-x86-debug-report.txt
-- Merging decision tree log ---
manifest
ADDED from VLCDemo/vlc-android/AndroidManifest.xml:2:1-463:12
	package
		ADDED from VLCDemo/vlc-android/AndroidManifest.xml:4:5-31
		INJECTED from VLCDemo/vlc-android/AndroidManifest.xml
		INJECTED from vlc-android/vanilla/AndroidManifest.xml
	android:versionName
		ADDED from VLCDemo/vlc-android/AndroidManifest.xml:7:5-32
		INJECTED from VLCDemo/vlc-android/AndroidManifest.xml
		ADDED from VLCDemo/vlc-android/AndroidManifest.xml:7:5-32
		INJECTED from vlc-android/vanilla/AndroidManifest.xml
	xmlns:tools
		ADDED from VLCDemo/vlc-android/AndroidManifest.xml:3:5-51
		ADDED from VLCDemo/vlc-android/AndroidManifest.xml:3:5-51
	android:versionCode
		ADDED from VLCDemo/vlc-android/AndroidManifest.xml:6:5-35
		INJECTED from VLCDemo/vlc-android/AndroidManifest.xml
		ADDED from VLCDemo/vlc-android/AndroidManifest.xml:6:5-35
		INJECTED from vlc-android/vanilla/AndroidManifest.xml
	xmlns:android
		ADDED from VLCDemo/vlc-android/AndroidManifest.xml:2:11-69
	android:installLocation
		ADDED from VLCDemo/vlc-android/AndroidManifest.xml:5:5-35
		ADDED from VLCDemo/vlc-android/AndroidManifest.xml:5:5-35
uses-sdk
ADDED from VLCDemo/vlc-android/AndroidManifest.xml:27:5-28:41
MERGED from VLCDemo/vlc-android/AndroidManifest.xml:27:5-28:41
MERGED from [com.android.databinding:library:1.0-rc3] AndroidManifest.xml:22:5-24:41
MERGED from [com.android.support:support-v4:23.1.0] AndroidManifest.xml:20:5-43
MERGED from [com.android.databinding:adapters:1.0-rc3] AndroidManifest.xml:22:5-24:41
MERGED from [com.android.databinding:library:1.0-rc3] AndroidManifest.xml:22:5-24:41
MERGED from [com.android.support:support-v4:23.1.0] AndroidManifest.xml:20:5-43
MERGED from [com.android.support:appcompat-v7:23.1.0] AndroidManifest.xml:20:5-43
MERGED from [com.android.support:support-v4:23.1.0] AndroidManifest.xml:20:5-43
MERGED from [com.android.support:cardview-v7:23.1.0] AndroidManifest.xml:20:5-43
MERGED from [com.android.support:recyclerview-v7:23.1.0] AndroidManifest.xml:20:5-43
MERGED from [com.android.support:support-v4:23.1.0] AndroidManifest.xml:20:5-43
MERGED from [com.android.support:design:23.1.0] AndroidManifest.xml:20:5-43
MERGED from [com.android.support:appcompat-v7:23.1.0] AndroidManifest.xml:20:5-43
MERGED from [com.android.support:support-v4:23.1.0] AndroidManifest.xml:20:5-43
MERGED from [com.android.support:recyclerview-v7:23.1.0] AndroidManifest.xml:20:5-43
MERGED from [com.android.support:support-v4:23.1.0] AndroidManifest.xml:20:5-43
MERGED from [com.android.support:support-v4:23.1.0] AndroidManifest.xml:20:5-43
MERGED from [com.android.support:preference-v7:23.1.0] AndroidManifest.xml:7:5-43
MERGED from [com.android.support:appcompat-v7:23.1.0] AndroidManifest.xml:20:5-43
MERGED from [com.android.support:support-v4:23.1.0] AndroidManifest.xml:20:5-43
MERGED from [com.android.support:recyclerview-v7:23.1.0] AndroidManifest.xml:20:5-43
MERGED from [com.android.support:support-v4:23.1.0] AndroidManifest.xml:20:5-43
MERGED from [com.android.support:support-v4:23.1.0] AndroidManifest.xml:20:5-43
	android:targetSdkVersion
		ADDED from VLCDemo/vlc-android/AndroidManifest.xml:28:9-38
		ADDED from VLCDemo/vlc-android/AndroidManifest.xml:28:9-38
	android:minSdkVersion
		MERGED from vlc-android/vanilla/AndroidManifest.xml:7:9-34
uses-permission#android.permission.READ_PHONE_STATE
ADDED from VLCDemo/vlc-android/AndroidManifest.xml:31:5-95
	tools:node
		ADDED from VLCDemo/vlc-android/AndroidManifest.xml:31:73-92
	android:name
		ADDED from VLCDemo/vlc-android/AndroidManifest.xml:31:22-72
uses-permission#android.permission.WRITE_EXTERNAL_STORAGE
ADDED from VLCDemo/vlc-android/AndroidManifest.xml:34:5-81
	android:name
		ADDED from VLCDemo/vlc-android/AndroidManifest.xml:34:22-78
uses-permission#android.permission.INTERNET
ADDED from VLCDemo/vlc-android/AndroidManifest.xml:37:5-67
	android:name
		ADDED from VLCDemo/vlc-android/AndroidManifest.xml:37:22-64
uses-permission#android.permission.ACCESS_NETWORK_STATE
ADDED from VLCDemo/vlc-android/AndroidManifest.xml:40:5-79
	android:name
		ADDED from VLCDemo/vlc-android/AndroidManifest.xml:40:22-76
uses-permission#android.permission.VIBRATE
ADDED from VLCDemo/vlc-android/AndroidManifest.xml:41:5-66
	android:name
		ADDED from VLCDemo/vlc-android/AndroidManifest.xml:41:22-63
uses-permission#android.permission.WAKE_LOCK
ADDED from VLCDemo/vlc-android/AndroidManifest.xml:42:5-68
	android:name
		ADDED from VLCDemo/vlc-android/AndroidManifest.xml:42:22-65
uses-permission#android.permission.MODIFY_AUDIO_SETTINGS
ADDED from VLCDemo/vlc-android/AndroidManifest.xml:43:5-80
	android:name
		ADDED from VLCDemo/vlc-android/AndroidManifest.xml:43:22-77
uses-permission#android.permission.WRITE_SETTINGS
ADDED from VLCDemo/vlc-android/AndroidManifest.xml:44:5-73
	android:name
		ADDED from VLCDemo/vlc-android/AndroidManifest.xml:44:22-70
application
ADDED from VLCDemo/vlc-android/AndroidManifest.xml:46:5-461:19
MERGED from [com.android.support:support-v4:23.1.0] AndroidManifest.xml:22:5-20
MERGED from [com.android.support:support-v4:23.1.0] AndroidManifest.xml:22:5-20
MERGED from [VLCDemo:libvlc:unspecified] AndroidManifest.xml:7:5-11:19
MERGED from [com.android.support:appcompat-v7:23.1.0] AndroidManifest.xml:22:5-20
MERGED from [com.android.support:support-v4:23.1.0] AndroidManifest.xml:22:5-20
MERGED from [com.android.support:cardview-v7:23.1.0] AndroidManifest.xml:22:5-20
MERGED from [com.android.support:support-v4:23.1.0] AndroidManifest.xml:22:5-20
MERGED from [com.android.support:design:23.1.0] AndroidManifest.xml:22:5-20
MERGED from [com.android.support:appcompat-v7:23.1.0] AndroidManifest.xml:22:5-20
MERGED from [com.android.support:support-v4:23.1.0] AndroidManifest.xml:22:5-20
MERGED from [com.android.support:support-v4:23.1.0] AndroidManifest.xml:22:5-20
MERGED from [com.android.support:support-v4:23.1.0] AndroidManifest.xml:22:5-20
MERGED from [com.android.support:preference-v7:23.1.0] AndroidManifest.xml:9:5-20
MERGED from [com.android.support:appcompat-v7:23.1.0] AndroidManifest.xml:22:5-20
MERGED from [com.android.support:support-v4:23.1.0] AndroidManifest.xml:22:5-20
MERGED from [com.android.support:support-v4:23.1.0] AndroidManifest.xml:22:5-20
MERGED from [com.android.support:support-v4:23.1.0] AndroidManifest.xml:22:5-20
	android:label
		ADDED from VLCDemo/vlc-android/AndroidManifest.xml:52:9-41
	android:hardwareAccelerated
		ADDED from VLCDemo/vlc-android/AndroidManifest.xml:48:9-43
	android:allowBackup
		ADDED from VLCDemo/vlc-android/AndroidManifest.xml:49:9-35
	android:icon
		ADDED from VLCDemo/vlc-android/AndroidManifest.xml:51:9-38
	android:largeHeap
		ADDED from VLCDemo/vlc-android/AndroidManifest.xml:50:9-33
	android:theme
		ADDED from VLCDemo/vlc-android/AndroidManifest.xml:54:9-52
	android:logo
		ADDED from VLCDemo/vlc-android/AndroidManifest.xml:53:9-43
	android:name
		ADDED from VLCDemo/vlc-android/AndroidManifest.xml:47:9-55
activity#org.videolan.vlc.gui.MainActivity
ADDED from VLCDemo/vlc-android/AndroidManifest.xml:55:9-70:20
	android:label
		ADDED from VLCDemo/vlc-android/AndroidManifest.xml:58:13-45
	android:launchMode
		ADDED from VLCDemo/vlc-android/AndroidManifest.xml:59:13-44
	android:windowSoftInputMode
		ADDED from VLCDemo/vlc-android/AndroidManifest.xml:60:13-52
	android:icon
		ADDED from VLCDemo/vlc-android/AndroidManifest.xml:57:13-42
	android:theme
		ADDED from VLCDemo/vlc-android/AndroidManifest.xml:61:13-45
	android:name
		ADDED from VLCDemo/vlc-android/AndroidManifest.xml:56:13-45
intent-filter#android.intent.action.MAIN+android.intent.category.LAUNCHER
ADDED from VLCDemo/vlc-android/AndroidManifest.xml:62:13-66:29
action#android.intent.action.MAIN
ADDED from VLCDemo/vlc-android/AndroidManifest.xml:63:17-69
	android:name
		ADDED from VLCDemo/vlc-android/AndroidManifest.xml:63:25-66
category#android.intent.category.LAUNCHER
ADDED from VLCDemo/vlc-android/AndroidManifest.xml:65:17-77
	android:name
		ADDED from VLCDemo/vlc-android/AndroidManifest.xml:65:27-74
meta-data#android.app.searchable
ADDED from VLCDemo/vlc-android/AndroidManifest.xml:67:13-68:54
	android:resource
		ADDED from VLCDemo/vlc-android/AndroidManifest.xml:68:17-51
	android:name
		ADDED from VLCDemo/vlc-android/AndroidManifest.xml:67:24-61
activity#org.videolan.vlc.gui.SecondaryActivity
ADDED from VLCDemo/vlc-android/AndroidManifest.xml:71:9-74:47
	android:windowSoftInputMode
		ADDED from VLCDemo/vlc-android/AndroidManifest.xml:73:13-52
	android:theme
		ADDED from VLCDemo/vlc-android/AndroidManifest.xml:74:13-45
	android:name
		ADDED from VLCDemo/vlc-android/AndroidManifest.xml:72:13-50
activity#org.videolan.vlc.gui.browser.FilePickerActivity
ADDED from VLCDemo/vlc-android/AndroidManifest.xml:75:9-77:60
	android:theme
		ADDED from VLCDemo/vlc-android/AndroidManifest.xml:77:13-58
	android:name
		ADDED from VLCDemo/vlc-android/AndroidManifest.xml:76:13-59
activity#org.videolan.vlc.gui.CompatErrorActivity
ADDED from VLCDemo/vlc-android/AndroidManifest.xml:78:9-61
	android:name
		ADDED from VLCDemo/vlc-android/AndroidManifest.xml:78:19-58
activity#org.videolan.vlc.gui.preferences.PreferencesActivity
ADDED from VLCDemo/vlc-android/AndroidManifest.xml:79:9-80:48
	android:theme
		ADDED from VLCDemo/vlc-android/AndroidManifest.xml:80:13-45
	android:name
		ADDED from VLCDemo/vlc-android/AndroidManifest.xml:79:19-70
activity#org.videolan.vlc.gui.DebugLogActivity
ADDED from VLCDemo/vlc-android/AndroidManifest.xml:82:9-83:52
	android:launchMode
		ADDED from VLCDemo/vlc-android/AndroidManifest.xml:83:19-49
	android:name
		ADDED from VLCDemo/vlc-android/AndroidManifest.xml:82:19-55
service#org.videolan.vlc.gui.DebugLogService
ADDED from VLCDemo/vlc-android/AndroidManifest.xml:84:9-85:46
	android:process
		ADDED from VLCDemo/vlc-android/AndroidManifest.xml:85:18-43
	android:name
		ADDED from VLCDemo/vlc-android/AndroidManifest.xml:84:18-53
activity#org.videolan.vlc.gui.NativeCrashActivity
ADDED from VLCDemo/vlc-android/AndroidManifest.xml:87:9-91:48
	android:process
		ADDED from VLCDemo/vlc-android/AndroidManifest.xml:89:13-51
	android:stateNotNeeded
		ADDED from VLCDemo/vlc-android/AndroidManifest.xml:90:13-42
	android:theme
		ADDED from VLCDemo/vlc-android/AndroidManifest.xml:91:13-45
	android:name
		ADDED from VLCDemo/vlc-android/AndroidManifest.xml:88:13-52
activity#org.videolan.vlc.gui.video.VideoPlayerActivity
ADDED from VLCDemo/vlc-android/AndroidManifest.xml:92:9-420:20
	android:configChanges
		ADDED from VLCDemo/vlc-android/AndroidManifest.xml:94:13-59
	android:theme
		ADDED from VLCDemo/vlc-android/AndroidManifest.xml:95:13-52
	android:name
		ADDED from VLCDemo/vlc-android/AndroidManifest.xml:93:13-58
intent-filter#android.intent.action.VIEW+android.intent.category.BROWSABLE+android.intent.category.DEFAULT
ADDED from VLCDemo/vlc-android/AndroidManifest.xml:98:13-115:29
action#android.intent.action.VIEW
ADDED from VLCDemo/vlc-android/AndroidManifest.xml:99:17-69
	android:name
		ADDED from VLCDemo/vlc-android/AndroidManifest.xml:99:25-66
category#android.intent.category.DEFAULT
ADDED from VLCDemo/vlc-android/AndroidManifest.xml:101:17-76
	android:name
		ADDED from VLCDemo/vlc-android/AndroidManifest.xml:101:27-73
category#android.intent.category.BROWSABLE
ADDED from VLCDemo/vlc-android/AndroidManifest.xml:102:17-78
	android:name
		ADDED from VLCDemo/vlc-android/AndroidManifest.xml:102:27-75
data
ADDED from VLCDemo/vlc-android/AndroidManifest.xml:104:17-47
	android:scheme
		ADDED from VLCDemo/vlc-android/AndroidManifest.xml:104:23-44
service#org.videolan.vlc.PlaybackService
ADDED from VLCDemo/vlc-android/AndroidManifest.xml:422:9-52
	android:name
		ADDED from VLCDemo/vlc-android/AndroidManifest.xml:422:18-49
receiver#org.videolan.vlc.widget.VLCAppWidgetProviderWhite
ADDED from VLCDemo/vlc-android/AndroidManifest.xml:423:9-438:20
	android:label
		ADDED from VLCDemo/vlc-android/AndroidManifest.xml:426:13-50
	android:exported
		ADDED from VLCDemo/vlc-android/AndroidManifest.xml:425:13-37
	android:name
		ADDED from VLCDemo/vlc-android/AndroidManifest.xml:424:13-61
intent-filter#android.appwidget.action.APPWIDGET_UPDATE+org.videolan.vlc.widget.INIT+org.videolan.vlc.widget.UPDATE+org.videolan.vlc.widget.UPDATE_COVER+org.videolan.vlc.widget.UPDATE_POSITION
ADDED from VLCDemo/vlc-android/AndroidManifest.xml:427:13-433:29
action#android.appwidget.action.APPWIDGET_UPDATE
ADDED from VLCDemo/vlc-android/AndroidManifest.xml:428:17-84
	android:name
		ADDED from VLCDemo/vlc-android/AndroidManifest.xml:428:25-81
action#org.videolan.vlc.widget.INIT
ADDED from VLCDemo/vlc-android/AndroidManifest.xml:429:17-71
	android:name
		ADDED from VLCDemo/vlc-android/AndroidManifest.xml:429:25-68
action#org.videolan.vlc.widget.UPDATE
ADDED from VLCDemo/vlc-android/AndroidManifest.xml:430:17-73
	android:name
		ADDED from VLCDemo/vlc-android/AndroidManifest.xml:430:25-70
action#org.videolan.vlc.widget.UPDATE_COVER
ADDED from VLCDemo/vlc-android/AndroidManifest.xml:431:17-79
	android:name
		ADDED from VLCDemo/vlc-android/AndroidManifest.xml:431:25-76
action#org.videolan.vlc.widget.UPDATE_POSITION
ADDED from VLCDemo/vlc-android/AndroidManifest.xml:432:17-82
	android:name
		ADDED from VLCDemo/vlc-android/AndroidManifest.xml:432:25-79
meta-data#android.appwidget.provider
ADDED from VLCDemo/vlc-android/AndroidManifest.xml:435:13-437:61
	android:resource
		ADDED from VLCDemo/vlc-android/AndroidManifest.xml:437:17-58
	android:name
		ADDED from VLCDemo/vlc-android/AndroidManifest.xml:436:17-58
receiver#org.videolan.vlc.widget.VLCAppWidgetProviderBlack
ADDED from VLCDemo/vlc-android/AndroidManifest.xml:439:9-454:20
	android:label
		ADDED from VLCDemo/vlc-android/AndroidManifest.xml:442:13-50
	android:exported
		ADDED from VLCDemo/vlc-android/AndroidManifest.xml:441:13-37
	android:name
		ADDED from VLCDemo/vlc-android/AndroidManifest.xml:440:13-61
receiver#org.videolan.vlc.RemoteControlClientReceiver
ADDED from VLCDemo/vlc-android/AndroidManifest.xml:455:9-460:20
	android:name
		ADDED from VLCDemo/vlc-android/AndroidManifest.xml:455:19-62
intent-filter#android.intent.action.MEDIA_BUTTON+org.videolan.vlc.remote.PlayPause
ADDED from VLCDemo/vlc-android/AndroidManifest.xml:456:13-459:29
action#android.intent.action.MEDIA_BUTTON
ADDED from VLCDemo/vlc-android/AndroidManifest.xml:457:17-77
	android:name
		ADDED from VLCDemo/vlc-android/AndroidManifest.xml:457:25-74
action#org.videolan.vlc.remote.PlayPause
ADDED from VLCDemo/vlc-android/AndroidManifest.xml:458:17-76
	android:name
		ADDED from VLCDemo/vlc-android/AndroidManifest.xml:458:25-73
android:uses-permission#android.permission.READ_EXTERNAL_STORAGE
IMPLIED from vlc-android/vanilla/AndroidManifest.xml:3:1-11:12 reason: org.videolan requested WRITE_EXTERNAL_STORAGE